<?xml version="1.0" encoding="UTF-8"?>
<!-- Generated by org.testng.reporters.JUnitReportReporter -->
<testsuite skipped="0" hostname="HOMESERVER9900" name="RestAssuredAPI.InfyAssignment.question3_postCustomerDetails" tests="1" failures="0" timestamp="2020-05-03T15:36:00 CDT" time="3.697" errors="0">
  <testcase name="registerCustomer" time="3.697" classname="RestAssuredAPI.InfyAssignment.question3_postCustomerDetails"/>
</testsuite> <!-- RestAssuredAPI.InfyAssignment.question3_postCustomerDetails -->
