<?xml version="1.0" encoding="UTF-8"?>
<!-- Generated by org.testng.reporters.JUnitReportReporter -->
<testsuite skipped="0" hostname="HOMESERVER9900" name="RestAssuredAPI.InfyAssignment.question5_putMethodJsonFile" tests="1" failures="0" timestamp="2020-05-03T15:41:03 CDT" time="6.551" errors="0">
  <testcase name="putData" time="6.551" classname="RestAssuredAPI.InfyAssignment.question5_putMethodJsonFile"/>
</testsuite> <!-- RestAssuredAPI.InfyAssignment.question5_putMethodJsonFile -->
