<?xml version="1.0" encoding="UTF-8"?>
<!-- Generated by org.testng.reporters.JUnitReportReporter -->
<testsuite skipped="0" hostname="HOMESERVER9900" name="RestAssuredAPI.InfyAssignment.question8" tests="2" failures="0" timestamp="2020-05-02T15:59:57 CDT" time="6.786" errors="0">
  <testcase name="getURI" time="3.039" classname="RestAssuredAPI.InfyAssignment.question8"/>
  <testcase name="validateStatusCode" time="3.747" classname="RestAssuredAPI.InfyAssignment.question8"/>
</testsuite> <!-- RestAssuredAPI.InfyAssignment.question8 -->
