<?xml version="1.0" encoding="UTF-8"?>
<!-- Generated by org.testng.reporters.JUnitReportReporter -->
<testsuite skipped="0" hostname="HOMESERVER9900" name="RestAssuredAPI.InfyAssignment.question7_deleteMethod" tests="1" failures="0" timestamp="2020-05-03T15:42:10 CDT" time="9.721" errors="0">
  <testcase name="deleteRecord" time="9.721" classname="RestAssuredAPI.InfyAssignment.question7_deleteMethod"/>
</testsuite> <!-- RestAssuredAPI.InfyAssignment.question7_deleteMethod -->
