<?xml version="1.0" encoding="UTF-8"?>
<!-- Generated by org.testng.reporters.JUnitReportReporter -->
<testsuite skipped="0" hostname="HOMESERVER9900" name="RestAssuredAPI.InfyAssignment.PutDemo" tests="1" failures="0" timestamp="2020-05-01T02:06:39 CDT" time="22.848" errors="0">
  <testcase name="putDemoMethod" time="22.848" classname="RestAssuredAPI.InfyAssignment.PutDemo"/>
</testsuite> <!-- RestAssuredAPI.InfyAssignment.PutDemo -->
