<?xml version="1.0" encoding="UTF-8"?>
<!-- Generated by org.testng.reporters.JUnitReportReporter -->
<testsuite skipped="0" hostname="HOMESERVER9900" name="RestAssuredAPI.InfyAssignment.question1_GetWeatherDetails" tests="1" failures="0" timestamp="2020-05-03T15:35:15 CDT" time="13.083" errors="0">
  <testcase name="getCityWeather" time="13.083" classname="RestAssuredAPI.InfyAssignment.question1_GetWeatherDetails"/>
</testsuite> <!-- RestAssuredAPI.InfyAssignment.question1_GetWeatherDetails -->
