<?xml version="1.0" encoding="UTF-8"?>
<!-- Generated by org.testng.reporters.JUnitReportReporter -->
<testsuite skipped="0" hostname="HOMESERVER9900" name="RestAssuredAPI.InfyAssignment.question7" tests="1" failures="0" timestamp="2020-05-02T16:06:56 CDT" time="8.911" errors="0">
  <testcase name="deleteRecord" time="8.911" classname="RestAssuredAPI.InfyAssignment.question7"/>
</testsuite> <!-- RestAssuredAPI.InfyAssignment.question7 -->
