<?xml version="1.0" encoding="UTF-8"?>
<!-- Generated by org.testng.reporters.JUnitReportReporter -->
<testsuite skipped="0" hostname="HOMESERVER9900" name="RestAssuredAPI.InfyAssignment.question9" tests="5" failures="0" timestamp="2020-05-02T15:43:02 CDT" time="8.997" errors="0">
  <testcase name="validateStatusCode" time="5.824" classname="RestAssuredAPI.InfyAssignment.question9"/>
  <testcase name="logResponseBody" time="0.358" classname="RestAssuredAPI.InfyAssignment.question9"/>
  <testcase name="validateFirstName" time="2.467" classname="RestAssuredAPI.InfyAssignment.question9"/>
  <testcase name="validateHasStatusCode_Weekly" time="0.191" classname="RestAssuredAPI.InfyAssignment.question9"/>
  <testcase name="validateHeader" time="0.157" classname="RestAssuredAPI.InfyAssignment.question9"/>
</testsuite> <!-- RestAssuredAPI.InfyAssignment.question9 -->
